c:\users\daniel.sanchez\source\repos\mathlib\mathlib\debug\vc141.pdb
c:\users\daniel.sanchez\source\repos\mathlib\mathlib\debug\vc141.idb
c:\users\daniel.sanchez\source\repos\mathlib\mathlib\debug\vector4.obj
c:\users\daniel.sanchez\source\repos\mathlib\mathlib\debug\vector3.obj
c:\users\daniel.sanchez\source\repos\mathlib\mathlib\debug\quaternion.obj
c:\users\daniel.sanchez\source\repos\mathlib\mathlib\debug\matrix4.obj
c:\users\daniel.sanchez\source\repos\mathlib\mathlib\debug\matrix3.obj
c:\users\daniel.sanchez\source\repos\mathlib\mathlib\debug\source.obj
c:\users\daniel.sanchez\source\repos\mathlib\mathlib\debug\mathlibrary.obj
c:\users\daniel.sanchez\source\repos\mathlib\mathlib\debug\aabb.obj
c:\users\daniel.sanchez\source\repos\mathlib\mathlib\debug\lutil.obj
c:\users\daniel.sanchez\source\repos\mathlib\debug\mathlib.pdb
c:\users\daniel.sanchez\source\repos\mathlib\mathlib\debug\mathlib.tlog\cl.command.1.tlog
c:\users\daniel.sanchez\source\repos\mathlib\mathlib\debug\mathlib.tlog\cl.read.1.tlog
c:\users\daniel.sanchez\source\repos\mathlib\mathlib\debug\mathlib.tlog\cl.write.1.tlog
c:\users\daniel.sanchez\source\repos\mathlib\mathlib\debug\mathlib.tlog\link.67556-cvtres.read.1.tlog
c:\users\daniel.sanchez\source\repos\mathlib\mathlib\debug\mathlib.tlog\link.67556-cvtres.write.1.tlog
c:\users\daniel.sanchez\source\repos\mathlib\mathlib\debug\mathlib.tlog\link.67556-rc.read.1.tlog
c:\users\daniel.sanchez\source\repos\mathlib\mathlib\debug\mathlib.tlog\link.67556-rc.write.1.tlog
c:\users\daniel.sanchez\source\repos\mathlib\mathlib\debug\mathlib.tlog\link.67556.read.1.tlog
c:\users\daniel.sanchez\source\repos\mathlib\mathlib\debug\mathlib.tlog\link.67556.write.1.tlog
c:\users\daniel.sanchez\source\repos\mathlib\mathlib\debug\mathlib.tlog\link.command.1.tlog
c:\users\daniel.sanchez\source\repos\mathlib\mathlib\debug\mathlib.tlog\link.read.1.tlog
c:\users\daniel.sanchez\source\repos\mathlib\mathlib\debug\mathlib.tlog\link.write.1.tlog
